<?xml version="1.0" encoding="UTF-8"?>
<testsuite xmlns:xsi="http://www.w3.org/2001/XMLSchema-instance" xsi:noNamespaceSchemaLocation="https://maven.apache.org/surefire/maven-surefire-plugin/xsd/surefire-test-report-3.0.xsd" version="3.0" name="com.example.MP4.model.GameTest" time="0.035" tests="2" errors="0" skipped="0" failures="0">
  <properties>
[...]
</properties>
  <testcase name="processMachineShotSinksHumanAndSetsWinner" classname="com.example.MP4.model.GameTest" time="0.02">
    <system-out><![CDATA[Human Board State After Machine Shot:
- - - - - - - - - - 
- - - - - - - - - - 
- - X - - - - - - - 
- - - - - - - - - - 
- - - - - - - - - - 
- - - - - - - - - - 
- - - - - - - - - - 
- - - - - - - - - - 
- - - - - - - - - - 
- - - - - - - - - - 
Checking if all ships are sunk...
All ships are sunk. Game over.
Human has lost. Declaring Machine as the winner.
Checking victory condition...
Checking if all ships are sunk...
All ships are sunk. Game over.
Checking if all ships are sunk...
All ships are sunk. Game over.
Human lost: true, Machine lost: true
]]></system-out>
  </testcase>
  <testcase name="processHumanShotSinksMachineAndSetsWinner" classname="com.example.MP4.model.GameTest" time="0.008">
    <system-out><![CDATA[Machine Board State After Human Shot:
X - - - - - - - - - 
- - - - - - - - - - 
- - - - - - - - - - 
- - - - - - - - - - 
- - - - - - - - - - 
- - - - - - - - - - 
- - - - - - - - - - 
- - - - - - - - - - 
- - - - - - - - - - 
- - - - - - - - - - 
Checking if all ships are sunk...
All ships are sunk. Game over.
Machine has lost. Declaring Human as the winner.
Checking victory condition...
Checking if all ships are sunk...
All ships are sunk. Game over.
Checking if all ships are sunk...
All ships are sunk. Game over.
Human lost: true, Machine lost: true
]]></system-out>
  </testcase>
</testsuite>